==============
Reference
==============

In this chapter we will learn about

* A list of compiler errors
* A list of runtime errors

List of Compiler Errors
=======================

* Error (C1) : Error in parameters list, expected identifier
* Error (C2) : Error in class name
* Error (C3) : Unclosed control strucutre, 'ok' is missing
* Error (C4) : Unclosed control strucutre, 'end' is missing
* Error (C5) : Unclosed control strucutre, next is missing
* Error (C6) : Error in function name
* Error (C7) : Error in list items
* Error (C8) : Parentheses ')' is missing 
* Error (C9) : Brackets ']' is missing 
* Error (C10) : Error in parent class name
* Error (C11) : Error in expression operator
* Error (C12) :No class definition
* Error (C13) : Error in variable name
* Error (C14) : Try/Catch miss the Catch keyword!
* Error (C15) : Try/Catch miss the Done keyword!
* Error (C16) : Error in Switch statement expression!
* Error (C17) : Switch statement without OFF
* Error (C18) : Missing closing brace for the block opened!
* Error (C19) : Numeric Overflow!
* Error (C20) : Error in package name
* Error (C21) : Unclosed control strucutre, 'again' is missing
* Error (C22) : Function redefinition, function is already defined!
* Error (C23) : Using '(' after number!
* Error (C24) : The parent class name is identical to the subclass name
* Error (C25) : Trying to access the self reference after the object name"

List of Runtime Errors
======================

* Error (R1) : Cann't divide by zero !
* Error (R2) : Array Access (Index out of range) !
* Error (R3) : Calling Function without definition !
* Error (R4) : Stack Overflow !
* Error (R5) : Can't access the list item, Object is not list !
* Error (R6) : Variable is required
* Error (R7) : Can't assign to a string letter more than one character
* Error (R8) : Variable is not a string 
* Error (R9) : Using exit command outside loops 
* Error (R10) : Using exit command with number outside the range 
* Error (R11) : error in class name, class not found! 
* Error (R12) : error in property name, property not found! 
* Error (R13) : Object is required
* Error (R14) : Calling Method without definition !
* Error (R15) : error in parent class name, class not found! 
* Error (R16) : Using braces to access unknown object ! 
* Error (R17) : error, using 'Super' without parent class! 
* Error (R18) : Numeric Overflow! 
* Error (R19) : Calling function with less number of parameters!
* Error (R20) : Calling function with extra number of parameters!
* Error (R21) : Using operator with values of incorrect type
* Error (R22) : Using loop command outside loops 
* Error (R23) : Using loop command with number outside the range 
* Error (R24) : Using uninitialized variable 
* Error (R25) : Error in package name, Package not found! 
* Error (R26) : Calling private method from outside the class 
* Error (R27) : Using private attribute from outside the class 
* Error (R28) : Using bad data type as step value
* Error (R29) : Using bad data type in for loop
* Error (R30) : parent class name is identical to child class name 
* Error (R31) : Trying to destory the object using the self reference 
* Error (R32) : The CALL command expect a variable contains string!
* Error (R33) : Bad decimals number (correct range >= 0 and <=14) !
* Error (R34) : Variable is required for the assignment operation
